[16:10:33] [main/INFO]: Setting user: Player149
[16:10:35] [Client thread/INFO]: LWJGL Version: 2.9.1
[16:10:43] [Client thread/INFO]: Reloading ResourceManager: Default, FMLFileResourcePack:Forge Mod Loader, FMLFileResourcePack:Minecraft Forge, FMLFileResourcePack:Not Enough Items, FMLFileResourcePack:Realistic Solar, FMLFileResourcePack:Mekanism, FMLFileResourcePack:MekanismGenerators, FMLFileResourcePack:Waila, FMLFileResourcePack:Waila Harvestability, FMLFileResourcePack:Forge Microblocks, FMLFileResourcePack:Forge Multipart, FMLFileResourcePack:Minecraft Multipart Plugin
[16:10:47] [Sound Library Loader/INFO]: Sound engine started
[16:10:48] [Client thread/INFO]: Created: 32x32 textures/blocks-atlas
[16:10:48] [Client thread/INFO]: Created: 16x16 textures/items-atlas
[16:10:50] [Client thread/INFO]: Reloading ResourceManager: Default, FMLFileResourcePack:Forge Mod Loader, FMLFileResourcePack:Minecraft Forge, FMLFileResourcePack:Not Enough Items, FMLFileResourcePack:Realistic Solar, FMLFileResourcePack:Mekanism, FMLFileResourcePack:MekanismGenerators, FMLFileResourcePack:Waila, FMLFileResourcePack:Waila Harvestability, FMLFileResourcePack:Forge Microblocks, FMLFileResourcePack:Forge Multipart, FMLFileResourcePack:Minecraft Multipart Plugin
[16:10:52] [Client thread/INFO]: Created: 2048x2048 textures/blocks-atlas
[16:10:52] [Client thread/INFO]: Created: 512x256 textures/items-atlas
[16:10:53] [Sound Library Loader/INFO]: Sound engine started
[16:10:57] [Server thread/INFO]: Starting integrated minecraft server version 1.7.10
[16:10:57] [Server thread/INFO]: Generating keypair
[16:10:57] [Server thread/INFO]: Preparing start region for level 0
[16:10:58] [Server thread/INFO]: Changing view distance to 12, from 10
[16:10:58] [Server thread/INFO]: Player149[local:E:4109bed3] logged in with entity id 290 at (7.474937430648316, 71.0, 267.06696330471635)
[16:10:58] [Server thread/INFO]: Player149 joined the game
[16:11:09] [Server thread/INFO]: [Player149: Given [Furnace] * 64 to Player149]
[16:11:09] [Client thread/INFO]: [CHAT] Given [Furnace] * 64 to Player149
[16:11:13] [Server thread/INFO]: Player149 has just earned the achievement [Taking Inventory]
[16:11:13] [Client thread/INFO]: [CHAT] Player149 has just earned the achievement [Taking Inventory]
