[15:55:38] [main/INFO]: Setting user: Player527
[15:55:40] [Client thread/INFO]: LWJGL Version: 2.9.1
[15:55:53] [Client thread/INFO]: Reloading ResourceManager: Default, FMLFileResourcePack:Forge Mod Loader, FMLFileResourcePack:Minecraft Forge, FMLFileResourcePack:Not Enough Items, FMLFileResourcePack:Realistic Solar, FMLFileResourcePack:EnderCore, FMLFileResourcePack:Ender IO, FMLFileResourcePack:Mekanism, FMLFileResourcePack:MekanismGenerators, FMLFileResourcePack:Waila, FMLFileResourcePack:Waila Harvestability, FMLFileResourcePack:Forge Microblocks, FMLFileResourcePack:Forge Multipart, FMLFileResourcePack:Minecraft Multipart Plugin
[15:55:59] [Sound Library Loader/INFO]: Sound engine started
[15:56:01] [Client thread/INFO]: Created: 32x32 textures/blocks-atlas
[15:56:01] [Client thread/INFO]: Created: 16x16 textures/items-atlas
[15:56:04] [Client thread/INFO]: Reloading ResourceManager: Default, FMLFileResourcePack:Forge Mod Loader, FMLFileResourcePack:Minecraft Forge, FMLFileResourcePack:Not Enough Items, FMLFileResourcePack:Realistic Solar, FMLFileResourcePack:EnderCore, FMLFileResourcePack:Ender IO, FMLFileResourcePack:Mekanism, FMLFileResourcePack:MekanismGenerators, FMLFileResourcePack:Waila, FMLFileResourcePack:Waila Harvestability, FMLFileResourcePack:Forge Microblocks, FMLFileResourcePack:Forge Multipart, FMLFileResourcePack:Minecraft Multipart Plugin
[15:56:07] [Client thread/INFO]: Created: 2048x2048 textures/blocks-atlas
[15:56:07] [Client thread/INFO]: Created: 512x512 textures/items-atlas
[15:56:08] [Sound Library Loader/INFO]: Sound engine started
[15:59:28] [Server thread/INFO]: Starting integrated minecraft server version 1.7.10
[15:59:28] [Server thread/INFO]: Generating keypair
[15:59:29] [Server thread/INFO]: Preparing start region for level 0
[15:59:29] [Server thread/WARN]: Skipping BlockEntity with id rs.tilewasher
[15:59:29] [Server thread/WARN]: Skipping BlockEntity with id rs.tileSolarPanel
[15:59:30] [Server thread/INFO]: Changing view distance to 6, from 10
[15:59:30] [Server thread/INFO]: Player527[local:E:77bd0603] logged in with entity id 177 at (-30.125850389800714, 69.0, 52.93987022615362)
[15:59:30] [Server thread/INFO]: Player527 joined the game
[15:59:34] [Server thread/INFO]: Saving and pausing game...
[15:59:34] [Server thread/INFO]: Saving chunks for level 'Test World'/Overworld
[15:59:34] [Server thread/INFO]: Saving chunks for level 'Test World'/Nether
[15:59:34] [Server thread/INFO]: Saving chunks for level 'Test World'/The End
[15:59:47] [Server thread/INFO]: Player527 has just earned the achievement [Taking Inventory]
[15:59:47] [Client thread/INFO]: [CHAT] Player527 has just earned the achievement [Taking Inventory]
[16:01:14] [Server thread/INFO]: [Player527: Set the time to 0]
[16:01:15] [Client thread/INFO]: [CHAT] Set the time to 0
[16:01:19] [Server thread/INFO]: [Player527: Changing to clear weather]
[16:01:19] [Client thread/INFO]: [CHAT] Changing to clear weather
[16:02:23] [Server thread/INFO]: Saving and pausing game...
[16:02:23] [Server thread/INFO]: Saving chunks for level 'Test World'/Overworld
[16:02:23] [Server thread/INFO]: Saving chunks for level 'Test World'/Nether
[16:02:23] [Server thread/INFO]: Saving chunks for level 'Test World'/The End
[16:02:24] [Server thread/INFO]: Stopping server
[16:02:24] [Server thread/INFO]: Saving players
[16:02:24] [Server thread/INFO]: Saving worlds
[16:02:24] [Server thread/INFO]: Saving chunks for level 'Test World'/Overworld
[16:02:24] [Server thread/INFO]: Saving chunks for level 'Test World'/Nether
[16:02:24] [Server thread/INFO]: Saving chunks for level 'Test World'/The End
[16:02:25] [Client thread/INFO]: Stopping!
